<?xml version="1.0" encoding="UTF-8"?>
<!-- Generated by org.testng.reporters.JUnitReportReporter -->
<testsuite skipped="0" hostname="7JYZXTMLZ4PZZPL" name="Run.Runtest" tests="1" failures="0" timestamp="21 五月 2019 01:16:21 GMT" time="15.655" errors="0">
  <testcase name="feature" time="15.655" classname="Run.Runtest"/>
</testsuite> <!-- Run.Runtest -->
